[debug] [2022-10-15T07:30:25.781Z] ----------------------------------------------------------------------
[debug] [2022-10-15T07:30:25.795Z] Command:       C:\Program Files\nodejs\node.exe C:\Users\Mohammed\AppData\Roaming\npm\node_modules\firebase-tools\lib\bin\firebase.js emulators:start
[debug] [2022-10-15T07:30:25.799Z] CLI Version:   11.14.1
[debug] [2022-10-15T07:30:25.799Z] Platform:      win32
[debug] [2022-10-15T07:30:25.800Z] Node Version:  v16.13.1
[debug] [2022-10-15T07:30:26.696Z] Time:          Sat Oct 15 2022 09:30:25 GMT+0200 (توقيت شرق أوروبا الرسمي)
[debug] [2022-10-15T07:30:26.697Z] ----------------------------------------------------------------------
[debug] 
[debug] [2022-10-15T07:30:28.678Z] > command requires scopes: ["email","openid","https://www.googleapis.com/auth/cloudplatformprojects.readonly","https://www.googleapis.com/auth/firebase","https://www.googleapis.com/auth/cloud-platform"]
[debug] [2022-10-15T07:30:28.679Z] > authorizing via signed-in user (bluocat4@gmail.com)
[debug] [2022-10-15T07:30:30.791Z] java version "19" 2022-09-20
Java(TM) SE Runtime Environment (build 19+36-2238)

[debug] [2022-10-15T07:30:30.793Z] Java HotSpot(TM) 64-Bit Server VM (build 19+36-2238, mixed mode, sharing)

[debug] [2022-10-15T07:30:30.848Z] Parsed Java major version: 19
[info] i  emulators: Starting emulators: auth, functions, firestore {"metadata":{"emulator":{"name":"hub"},"message":"Starting emulators: auth, functions, firestore"}}
[debug] [2022-10-15T07:30:31.095Z] [hub] writing locator at C:\Users\Mohammed\AppData\Local\Temp\hub-e-shop-41e42.json
[warn] !  functions: The functions emulator is configured but there is no functions source directory. Have you run firebase init functions? {"metadata":{"emulator":{"name":"functions"},"message":"The functions emulator is configured but there is no functions source directory. Have you run \u001b[1mfirebase init functions\u001b[22m?"}}
[warn] !  firestore: Did not find a Cloud Firestore rules file specified in a firebase.json config file. {"metadata":{"emulator":{"name":"firestore"},"message":"Did not find a Cloud Firestore rules file specified in a firebase.json config file."}}
[warn] !  firestore: The emulator will default to allowing all reads and writes. Learn more about this option: https://firebase.google.com/docs/emulator-suite/install_and_configure#security_rules_configuration. {"metadata":{"emulator":{"name":"firestore"},"message":"The emulator will default to allowing all reads and writes. Learn more about this option: https://firebase.google.com/docs/emulator-suite/install_and_configure#security_rules_configuration."}}
[debug] [2022-10-15T07:30:31.401Z] Ignoring unsupported arg: auto_download {"metadata":{"emulator":{"name":"firestore"},"message":"Ignoring unsupported arg: auto_download"}}
[debug] [2022-10-15T07:30:31.403Z] Ignoring unsupported arg: single_project_mode_error {"metadata":{"emulator":{"name":"firestore"},"message":"Ignoring unsupported arg: single_project_mode_error"}}
[debug] [2022-10-15T07:30:31.403Z] Starting Firestore Emulator with command {"binary":"java","args":["-Dgoogle.cloud_firestore.debug_log_level=FINE","-Duser.language=en","-jar","C:\\Users\\Mohammed\\.cache\\firebase\\emulators\\cloud-firestore-emulator-v1.15.1.jar","--host","localhost","--port",8088,"--websocket_port",9151,"--project_id","e-shop-41e42","--single_project_mode",true],"optionalArgs":["port","webchannel_port","host","rules","websocket_port","functions_emulator","seed_from_export","project_id","single_project_mode"],"joinArgs":false} {"metadata":{"emulator":{"name":"firestore"},"message":"Starting Firestore Emulator with command {\"binary\":\"java\",\"args\":[\"-Dgoogle.cloud_firestore.debug_log_level=FINE\",\"-Duser.language=en\",\"-jar\",\"C:\\\\Users\\\\Mohammed\\\\.cache\\\\firebase\\\\emulators\\\\cloud-firestore-emulator-v1.15.1.jar\",\"--host\",\"localhost\",\"--port\",8088,\"--websocket_port\",9151,\"--project_id\",\"e-shop-41e42\",\"--single_project_mode\",true],\"optionalArgs\":[\"port\",\"webchannel_port\",\"host\",\"rules\",\"websocket_port\",\"functions_emulator\",\"seed_from_export\",\"project_id\",\"single_project_mode\"],\"joinArgs\":false}"}}
[info] i  firestore: Firestore Emulator logging to firestore-debug.log {"metadata":{"emulator":{"name":"firestore"},"message":"Firestore Emulator logging to \u001b[1mfirestore-debug.log\u001b[22m"}}
[info] +  firestore: Firestore Emulator UI websocket is running on 9151. {"metadata":{"emulator":{"name":"firestore"},"message":"Firestore Emulator UI websocket is running on 9151."}}
[debug] [2022-10-15T07:31:24.985Z] Ignoring unsupported arg: auto_download {"metadata":{"emulator":{"name":"ui"},"message":"Ignoring unsupported arg: auto_download"}}
[debug] [2022-10-15T07:31:24.986Z] Ignoring unsupported arg: port {"metadata":{"emulator":{"name":"ui"},"message":"Ignoring unsupported arg: port"}}
[debug] [2022-10-15T07:31:24.988Z] Starting Emulator UI with command {"binary":"node","args":["C:\\Users\\Mohammed\\.cache\\firebase\\emulators\\ui-v1.10.0\\server\\server.js"],"optionalArgs":[],"joinArgs":false} {"metadata":{"emulator":{"name":"ui"},"message":"Starting Emulator UI with command {\"binary\":\"node\",\"args\":[\"C:\\\\Users\\\\Mohammed\\\\.cache\\\\firebase\\\\emulators\\\\ui-v1.10.0\\\\server\\\\server.js\"],\"optionalArgs\":[],\"joinArgs\":false}"}}
[info] i  ui: Emulator UI logging to ui-debug.log {"metadata":{"emulator":{"name":"ui"},"message":"Emulator UI logging to \u001b[1mui-debug.log\u001b[22m"}}
[debug] [2022-10-15T07:31:27.583Z] Web / API server started at localhost:4000
 {"metadata":{"emulator":{"name":"ui"},"message":"Web / API server started at localhost:4000\n"}}
[info] 
┌─────────────────────────────────────────────────────────────┐
│ ✔  All emulators ready! It is now safe to connect your app. │
│ i  View Emulator UI at http://localhost:4000                │
└─────────────────────────────────────────────────────────────┘

┌────────────────┬──────────────────────────────────┬─────────────────────────────────┐
│ Emulator       │ Host:Port                        │ View in Emulator UI             │
├────────────────┼──────────────────────────────────┼─────────────────────────────────┤
│ Authentication │ localhost:9099                   │ http://localhost:4000/auth      │
├────────────────┼──────────────────────────────────┼─────────────────────────────────┤
│ Functions      │ Failed to initialize (see above) │                                 │
├────────────────┼──────────────────────────────────┼─────────────────────────────────┤
│ Firestore      │ localhost:8088                   │ http://localhost:4000/firestore │
└────────────────┴──────────────────────────────────┴─────────────────────────────────┘
  Emulator Hub running at localhost:4400
  Other reserved ports: 4500, 9151

Issues? Report them at https://github.com/firebase/firebase-tools/issues and attach the *-debug.log files.
 
